app/build/outputs/logs/manifest-merger-release-report.txt
-- Merging decision tree log ---
manifest
ADDED from src\main\AndroidManifest.xml:2:1-130:12
	xmlns:android
		ADDED from src\main\AndroidManifest.xml:2:11-69
	package
		ADDED from src\main\AndroidManifest.xml:3:5-42
		INJECTED from src\main\AndroidManifest.xml
		INJECTED from src\main\AndroidManifest.xml
	android:versionName
		INJECTED from src\main\AndroidManifest.xml
		INJECTED from src\main\AndroidManifest.xml
	android:versionCode
		INJECTED from src\main\AndroidManifest.xml
		INJECTED from src\main\AndroidManifest.xml
uses-permission#android.permission.READ_EXTERNAL_STORAGE
ADDED from src\main\AndroidManifest.xml:5:5-79
	android:name
		ADDED from src\main\AndroidManifest.xml:5:22-77
uses-permission#android.permission.ACCESS_FINE_LOCATION
ADDED from src\main\AndroidManifest.xml:6:5-79
	android:name
		ADDED from src\main\AndroidManifest.xml:6:22-76
uses-permission#android.permission.INTERNET
ADDED from src\main\AndroidManifest.xml:7:5-66
	android:name
		ADDED from src\main\AndroidManifest.xml:7:22-64
uses-permission#android.permission.ACCESS_NETWORK_STATE
ADDED from src\main\AndroidManifest.xml:8:5-78
	android:name
		ADDED from src\main\AndroidManifest.xml:8:22-76
uses-permission#android.permission.ACCESS_WIFI_STATE
ADDED from src\main\AndroidManifest.xml:9:5-75
	android:name
		ADDED from src\main\AndroidManifest.xml:9:22-73
uses-permission#android.permission.WRITE_EXTERNAL_STORAGE
ADDED from src\main\AndroidManifest.xml:10:5-80
	android:name
		ADDED from src\main\AndroidManifest.xml:10:22-78
uses-permission#android.permission.CAMERA
ADDED from src\main\AndroidManifest.xml:11:5-65
MERGED from [com.journeyapps:zxing-android-embedded:3.0.0] AndroidManifest.xml:23:5-65
	android:name
		ADDED from src\main\AndroidManifest.xml:11:22-62
uses-permission#android.permission.RECEIVE_BOOT_COMPLETED
ADDED from src\main\AndroidManifest.xml:13:5-81
	android:name
		ADDED from src\main\AndroidManifest.xml:13:22-78
uses-permission#android.permission.SEND_SMS
ADDED from src\main\AndroidManifest.xml:14:5-66
	android:name
		ADDED from src\main\AndroidManifest.xml:14:22-64
application
ADDED from src\main\AndroidManifest.xml:15:5-128:19
MERGED from [com.android.support:appcompat-v7:23.2.1] AndroidManifest.xml:25:5-20
MERGED from [com.android.support:support-v4:23.2.1] AndroidManifest.xml:22:5-20
MERGED from [com.android.support:animated-vector-drawable:23.2.1] AndroidManifest.xml:7:5-20
MERGED from [com.android.support:support-vector-drawable:23.2.1] AndroidManifest.xml:7:5-20
MERGED from [com.android.support:support-v4:23.2.1] AndroidManifest.xml:22:5-20
MERGED from [com.android.support:support-vector-drawable:23.2.1] AndroidManifest.xml:7:5-20
MERGED from [com.android.support:support-v4:23.2.1] AndroidManifest.xml:22:5-20
MERGED from [com.android.support:design:23.2.1] AndroidManifest.xml:22:5-20
MERGED from [com.android.support:support-v4:23.2.1] AndroidManifest.xml:22:5-20
MERGED from [com.android.support:appcompat-v7:23.2.1] AndroidManifest.xml:25:5-20
MERGED from [com.android.support:support-v4:23.2.1] AndroidManifest.xml:22:5-20
MERGED from [com.android.support:animated-vector-drawable:23.2.1] AndroidManifest.xml:7:5-20
MERGED from [com.android.support:support-vector-drawable:23.2.1] AndroidManifest.xml:7:5-20
MERGED from [com.android.support:support-v4:23.2.1] AndroidManifest.xml:22:5-20
MERGED from [com.android.support:support-vector-drawable:23.2.1] AndroidManifest.xml:7:5-20
MERGED from [com.android.support:support-v4:23.2.1] AndroidManifest.xml:22:5-20
MERGED from [com.android.support:support-v4:23.2.1] AndroidManifest.xml:22:5-20
MERGED from [com.journeyapps:zxing-android-embedded:3.0.0] AndroidManifest.xml:47:5-55:19
MERGED from [me.dm7.barcodescanner:zbar:1.8.4] AndroidManifest.xml:11:5-20
MERGED from [me.dm7.barcodescanner:core:1.8.4] AndroidManifest.xml:11:5-20
MERGED from [com.android.support:support-v4:23.2.1] AndroidManifest.xml:22:5-20
MERGED from [com.google.android.gms:play-services-appindexing:8.1.0] AndroidManifest.xml:19:5-20
MERGED from [com.google.android.gms:play-services-basement:8.1.0] AndroidManifest.xml:20:5-24:19
MERGED from [com.android.support:support-v4:23.2.1] AndroidManifest.xml:22:5-20
	android:supportsRtl
		ADDED from src\main\AndroidManifest.xml:19:9-35
	android:label
		ADDED from src\main\AndroidManifest.xml:18:9-41
	android:allowBackup
		ADDED from src\main\AndroidManifest.xml:16:9-35
	android:icon
		ADDED from src\main\AndroidManifest.xml:17:9-43
	android:theme
		ADDED from src\main\AndroidManifest.xml:20:9-40
service#com.codezero.fireprevention.background.ReceiveService
ADDED from src\main\AndroidManifest.xml:23:9-27:19
	android:name
		ADDED from src\main\AndroidManifest.xml:23:18-59
intent-filter#com.codezero.fireprevention.background
ADDED from src\main\AndroidManifest.xml:24:13-26:29
action#com.codezero.fireprevention.background
ADDED from src\main\AndroidManifest.xml:25:17-80
	android:name
		ADDED from src\main\AndroidManifest.xml:25:25-78
receiver#com.codezero.fireprevention.background.StartReceiver
ADDED from src\main\AndroidManifest.xml:30:9-37:20
	android:label
		ADDED from src\main\AndroidManifest.xml:33:13-42
	android:exported
		ADDED from src\main\AndroidManifest.xml:32:13-36
	android:enabled
		ADDED from src\main\AndroidManifest.xml:31:13-35
	android:name
		ADDED from src\main\AndroidManifest.xml:30:19-59
intent-filter#android.intent.action.BOOT_COMPLETED
ADDED from src\main\AndroidManifest.xml:34:13-36:29
	android:priority
		ADDED from src\main\AndroidManifest.xml:34:28-51
action#android.intent.action.BOOT_COMPLETED
ADDED from src\main\AndroidManifest.xml:35:17-79
	android:name
		ADDED from src\main\AndroidManifest.xml:35:25-76
activity#com.codezero.fireprevention.activity.MainActivity
ADDED from src\main\AndroidManifest.xml:40:9-48:20
	android:label
		ADDED from src\main\AndroidManifest.xml:42:13-45
	android:theme
		ADDED from src\main\AndroidManifest.xml:43:13-56
	android:name
		ADDED from src\main\AndroidManifest.xml:41:13-50
intent-filter#android.intent.action.MAIN+android.intent.category.LAUNCHER
ADDED from src\main\AndroidManifest.xml:44:13-47:29
action#android.intent.action.MAIN
ADDED from src\main\AndroidManifest.xml:45:17-69
	android:name
		ADDED from src\main\AndroidManifest.xml:45:25-66
category#android.intent.category.LAUNCHER
ADDED from src\main\AndroidManifest.xml:46:17-77
	android:name
		ADDED from src\main\AndroidManifest.xml:46:27-74
activity#com.codezero.fireprevention.activity.AddMapActivity
ADDED from src\main\AndroidManifest.xml:51:9-59:20
	android:label
		ADDED from src\main\AndroidManifest.xml:53:13-45
	android:theme
		ADDED from src\main\AndroidManifest.xml:54:13-56
	android:name
		ADDED from src\main\AndroidManifest.xml:52:13-52
intent-filter#android.intent.action.VIEW+android.intent.category.DEFAULT
ADDED from src\main\AndroidManifest.xml:55:13-58:29
action#android.intent.action.VIEW
ADDED from src\main\AndroidManifest.xml:56:17-69
	android:name
		ADDED from src\main\AndroidManifest.xml:56:25-66
category#android.intent.category.DEFAULT
ADDED from src\main\AndroidManifest.xml:57:17-76
	android:name
		ADDED from src\main\AndroidManifest.xml:57:27-73
activity#com.codezero.fireprevention.activity.AddActivity
ADDED from src\main\AndroidManifest.xml:62:9-69:20
	android:label
		ADDED from src\main\AndroidManifest.xml:63:13-38
	android:theme
		ADDED from src\main\AndroidManifest.xml:64:13-56
	android:name
		ADDED from src\main\AndroidManifest.xml:62:19-55
activity#com.codezero.fireprevention.activity.UnSafeActivity
ADDED from src\main\AndroidManifest.xml:72:9-80:20
	android:label
		ADDED from src\main\AndroidManifest.xml:74:13-45
	android:theme
		ADDED from src\main\AndroidManifest.xml:75:13-56
	android:name
		ADDED from src\main\AndroidManifest.xml:73:13-52
activity#com.codezero.fireprevention.activity.EnrollmentActivity
ADDED from src\main\AndroidManifest.xml:83:9-91:20
	android:label
		ADDED from src\main\AndroidManifest.xml:85:13-45
	android:theme
		ADDED from src\main\AndroidManifest.xml:86:13-56
	android:name
		ADDED from src\main\AndroidManifest.xml:84:13-56
activity#com.codezero.fireprevention.activity.FullScannerActivity
ADDED from src\main\AndroidManifest.xml:94:9-102:20
	android:label
		ADDED from src\main\AndroidManifest.xml:96:13-45
	android:theme
		ADDED from src\main\AndroidManifest.xml:97:13-56
	android:name
		ADDED from src\main\AndroidManifest.xml:95:13-57
activity#com.codezero.fireprevention.activity.ManagerActivity
ADDED from src\main\AndroidManifest.xml:106:9-114:20
	android:label
		ADDED from src\main\AndroidManifest.xml:108:13-31
	android:theme
		ADDED from src\main\AndroidManifest.xml:109:13-56
	android:name
		ADDED from src\main\AndroidManifest.xml:107:13-53
activity#com.codezero.fireprevention.activity.RunWhenFireActivity
ADDED from src\main\AndroidManifest.xml:118:9-126:20
	android:label
		ADDED from src\main\AndroidManifest.xml:120:13-38
	android:theme
		ADDED from src\main\AndroidManifest.xml:121:13-56
	android:name
		ADDED from src\main\AndroidManifest.xml:119:13-57
uses-sdk
INJECTED from src\main\AndroidManifest.xml reason: use-sdk injection requested
MERGED from [com.android.support:appcompat-v7:23.2.1] AndroidManifest.xml:21:5-23:78
MERGED from [com.android.support:support-v4:23.2.1] AndroidManifest.xml:20:5-43
MERGED from [com.android.support:animated-vector-drawable:23.2.1] AndroidManifest.xml:5:5-44
MERGED from [com.android.support:support-vector-drawable:23.2.1] AndroidManifest.xml:5:5-43
MERGED from [com.android.support:support-v4:23.2.1] AndroidManifest.xml:20:5-43
MERGED from [com.android.support:support-vector-drawable:23.2.1] AndroidManifest.xml:5:5-43
MERGED from [com.android.support:support-v4:23.2.1] AndroidManifest.xml:20:5-43
MERGED from [com.android.support:design:23.2.1] AndroidManifest.xml:20:5-43
MERGED from [com.android.support:support-v4:23.2.1] AndroidManifest.xml:20:5-43
MERGED from [com.android.support:appcompat-v7:23.2.1] AndroidManifest.xml:21:5-23:78
MERGED from [com.android.support:support-v4:23.2.1] AndroidManifest.xml:20:5-43
MERGED from [com.android.support:animated-vector-drawable:23.2.1] AndroidManifest.xml:5:5-44
MERGED from [com.android.support:support-vector-drawable:23.2.1] AndroidManifest.xml:5:5-43
MERGED from [com.android.support:support-v4:23.2.1] AndroidManifest.xml:20:5-43
MERGED from [com.android.support:support-vector-drawable:23.2.1] AndroidManifest.xml:5:5-43
MERGED from [com.android.support:support-v4:23.2.1] AndroidManifest.xml:20:5-43
MERGED from [com.android.support:recyclerview-v7:23.2.1] AndroidManifest.xml:20:5-43
MERGED from [com.android.support:support-v4:23.2.1] AndroidManifest.xml:20:5-43
MERGED from [com.journeyapps:zxing-android-embedded:3.0.0] AndroidManifest.xml:19:5-21:41
MERGED from [me.dm7.barcodescanner:zbar:1.8.4] AndroidManifest.xml:7:5-9:41
MERGED from [me.dm7.barcodescanner:core:1.8.4] AndroidManifest.xml:7:5-9:41
MERGED from [com.android.support:support-v4:23.2.1] AndroidManifest.xml:20:5-43
MERGED from [com.google.android.gms:play-services-appindexing:8.1.0] AndroidManifest.xml:18:5-42
MERGED from [com.google.android.gms:play-services-basement:8.1.0] AndroidManifest.xml:18:5-42
MERGED from [com.android.support:support-v4:23.2.1] AndroidManifest.xml:20:5-43
	android:targetSdkVersion
		INJECTED from src\main\AndroidManifest.xml
		INJECTED from src\main\AndroidManifest.xml
	android:minSdkVersion
		INJECTED from src\main\AndroidManifest.xml
		INJECTED from src\main\AndroidManifest.xml
	tools:overrideLibrary
		ADDED from [com.android.support:appcompat-v7:23.2.1] AndroidManifest.xml:23:9-75
uses-feature#android.hardware.camera
ADDED from [com.journeyapps:zxing-android-embedded:3.0.0] AndroidManifest.xml:26:5-28:36
	android:required
		ADDED from [com.journeyapps:zxing-android-embedded:3.0.0] AndroidManifest.xml:28:9-33
	android:name
		ADDED from [com.journeyapps:zxing-android-embedded:3.0.0] AndroidManifest.xml:27:9-47
uses-feature#android.hardware.camera.front
ADDED from [com.journeyapps:zxing-android-embedded:3.0.0] AndroidManifest.xml:29:5-31:36
	android:required
		ADDED from [com.journeyapps:zxing-android-embedded:3.0.0] AndroidManifest.xml:31:9-33
	android:name
		ADDED from [com.journeyapps:zxing-android-embedded:3.0.0] AndroidManifest.xml:30:9-53
uses-feature#android.hardware.camera.autofocus
ADDED from [com.journeyapps:zxing-android-embedded:3.0.0] AndroidManifest.xml:34:5-36:36
	android:required
		ADDED from [com.journeyapps:zxing-android-embedded:3.0.0] AndroidManifest.xml:36:9-33
	android:name
		ADDED from [com.journeyapps:zxing-android-embedded:3.0.0] AndroidManifest.xml:35:9-57
uses-feature#android.hardware.camera.flash
ADDED from [com.journeyapps:zxing-android-embedded:3.0.0] AndroidManifest.xml:37:5-39:36
	android:required
		ADDED from [com.journeyapps:zxing-android-embedded:3.0.0] AndroidManifest.xml:39:9-33
	android:name
		ADDED from [com.journeyapps:zxing-android-embedded:3.0.0] AndroidManifest.xml:38:9-53
uses-feature#android.hardware.screen.landscape
ADDED from [com.journeyapps:zxing-android-embedded:3.0.0] AndroidManifest.xml:40:5-42:36
	android:required
		ADDED from [com.journeyapps:zxing-android-embedded:3.0.0] AndroidManifest.xml:42:9-33
	android:name
		ADDED from [com.journeyapps:zxing-android-embedded:3.0.0] AndroidManifest.xml:41:9-57
uses-feature#android.hardware.wifi
ADDED from [com.journeyapps:zxing-android-embedded:3.0.0] AndroidManifest.xml:43:5-45:36
	android:required
		ADDED from [com.journeyapps:zxing-android-embedded:3.0.0] AndroidManifest.xml:45:9-33
	android:name
		ADDED from [com.journeyapps:zxing-android-embedded:3.0.0] AndroidManifest.xml:44:9-45
activity#com.journeyapps.barcodescanner.CaptureActivity
ADDED from [com.journeyapps:zxing-android-embedded:3.0.0] AndroidManifest.xml:48:9-54:63
	android:windowSoftInputMode
		ADDED from [com.journeyapps:zxing-android-embedded:3.0.0] AndroidManifest.xml:54:13-60
	android:screenOrientation
		ADDED from [com.journeyapps:zxing-android-embedded:3.0.0] AndroidManifest.xml:51:13-56
	android:theme
		ADDED from [com.journeyapps:zxing-android-embedded:3.0.0] AndroidManifest.xml:53:13-54
	android:stateNotNeeded
		ADDED from [com.journeyapps:zxing-android-embedded:3.0.0] AndroidManifest.xml:52:13-42
	android:clearTaskOnLaunch
		ADDED from [com.journeyapps:zxing-android-embedded:3.0.0] AndroidManifest.xml:50:13-45
	android:name
		ADDED from [com.journeyapps:zxing-android-embedded:3.0.0] AndroidManifest.xml:49:13-74
meta-data#com.google.android.gms.version
ADDED from [com.google.android.gms:play-services-basement:8.1.0] AndroidManifest.xml:21:9-23:69
	android:name
		ADDED from [com.google.android.gms:play-services-basement:8.1.0] AndroidManifest.xml:22:13-58
	android:value
		ADDED from [com.google.android.gms:play-services-basement:8.1.0] AndroidManifest.xml:23:13-66